{"/home/kaiorr/projetos_pessoais/invision/src/components/Button/index.tsx": {"path":"/home/kaiorr/projetos_pessoais/invision/src/components/Button/index.tsx","statementMap":{"0":{"start":{"line":7,"column":37},"end":{"line":11,"column":1}},"1":{"start":{"line":8,"column":2},"end":{"line":10,"column":14}}},"fnMap":{"0":{"name":"(anonymous_0)","decl":{"start":{"line":7,"column":37},"end":{"line":7,"column":38}},"loc":{"start":{"line":8,"column":2},"end":{"line":10,"column":14}},"line":8}},"branchMap":{},"s":{"0":3,"1":12},"f":{"0":12},"b":{},"_coverageSchema":"1a1c01bbd47fc00a2c39e90264f33305004495a9","hash":"581176cf5016e1957d5e8c4f8e512d7f734d079d"}
,"/home/kaiorr/projetos_pessoais/invision/src/components/Button/style.tsx": {"path":"/home/kaiorr/projetos_pessoais/invision/src/components/Button/style.tsx","statementMap":{"0":{"start":{"line":3,"column":25},"end":{"line":19,"column":1}}},"fnMap":{},"branchMap":{},"s":{"0":3},"f":{},"b":{},"_coverageSchema":"1a1c01bbd47fc00a2c39e90264f33305004495a9","hash":"a863e9f6a068128b8afb5f5ace173ad99c43118e"}
,"/home/kaiorr/projetos_pessoais/invision/src/components/Input/index.tsx": {"path":"/home/kaiorr/projetos_pessoais/invision/src/components/Input/index.tsx","statementMap":{"0":{"start":{"line":18,"column":36},"end":{"line":57,"column":1}},"1":{"start":{"line":25,"column":19},"end":{"line":25,"column":31}},"2":{"start":{"line":26,"column":60},"end":{"line":26,"column":74}},"3":{"start":{"line":27,"column":36},"end":{"line":27,"column":51}},"4":{"start":{"line":29,"column":26},"end":{"line":31,"column":8}},"5":{"start":{"line":30,"column":4},"end":{"line":30,"column":24}},"6":{"start":{"line":33,"column":2},"end":{"line":39,"column":33}},"7":{"start":{"line":34,"column":4},"end":{"line":38,"column":7}},"8":{"start":{"line":41,"column":2},"end":{"line":56,"column":4}},"9":{"start":{"line":48,"column":23},"end":{"line":48,"column":41}}},"fnMap":{"0":{"name":"(anonymous_0)","decl":{"start":{"line":18,"column":36},"end":{"line":18,"column":37}},"loc":{"start":{"line":24,"column":6},"end":{"line":57,"column":1}},"line":24},"1":{"name":"(anonymous_1)","decl":{"start":{"line":29,"column":38},"end":{"line":29,"column":39}},"loc":{"start":{"line":29,"column":44},"end":{"line":31,"column":3}},"line":29},"2":{"name":"(anonymous_2)","decl":{"start":{"line":33,"column":12},"end":{"line":33,"column":13}},"loc":{"start":{"line":33,"column":18},"end":{"line":39,"column":3}},"line":33},"3":{"name":"(anonymous_3)","decl":{"start":{"line":48,"column":17},"end":{"line":48,"column":18}},"loc":{"start":{"line":48,"column":23},"end":{"line":48,"column":41}},"line":48}},"branchMap":{"0":{"loc":{"start":{"line":54,"column":7},"end":{"line":54,"column":56}},"type":"binary-expr","locations":[{"start":{"line":54,"column":7},"end":{"line":54,"column":12}},{"start":{"line":54,"column":16},"end":{"line":54,"column":56}}],"line":54}},"s":{"0":3,"1":48,"2":48,"3":48,"4":48,"5":0,"6":48,"7":16,"8":48,"9":0},"f":{"0":48,"1":0,"2":16,"3":0},"b":{"0":[48,8]},"_coverageSchema":"1a1c01bbd47fc00a2c39e90264f33305004495a9","hash":"16239f254409afaccd0089224a173e42ae553027"}
,"/home/kaiorr/projetos_pessoais/invision/src/components/Input/style.tsx": {"path":"/home/kaiorr/projetos_pessoais/invision/src/components/Input/style.tsx","statementMap":{"0":{"start":{"line":8,"column":25},"end":{"line":59,"column":1}},"1":{"start":{"line":32,"column":4},"end":{"line":41,"column":5}},"2":{"start":{"line":44,"column":4},"end":{"line":58,"column":5}}},"fnMap":{"0":{"name":"(anonymous_0)","decl":{"start":{"line":31,"column":4},"end":{"line":31,"column":5}},"loc":{"start":{"line":32,"column":4},"end":{"line":41,"column":5}},"line":32},"1":{"name":"(anonymous_1)","decl":{"start":{"line":43,"column":4},"end":{"line":43,"column":5}},"loc":{"start":{"line":44,"column":4},"end":{"line":58,"column":5}},"line":44}},"branchMap":{"0":{"loc":{"start":{"line":32,"column":4},"end":{"line":41,"column":5}},"type":"binary-expr","locations":[{"start":{"line":32,"column":4},"end":{"line":32,"column":19}},{"start":{"line":33,"column":4},"end":{"line":41,"column":5}}],"line":32},"1":{"loc":{"start":{"line":44,"column":4},"end":{"line":58,"column":5}},"type":"binary-expr","locations":[{"start":{"line":44,"column":4},"end":{"line":44,"column":19}},{"start":{"line":45,"column":4},"end":{"line":58,"column":5}}],"line":44}},"s":{"0":3,"1":48,"2":48},"f":{"0":48,"1":48},"b":{"0":[48,0],"1":[48,8]},"_coverageSchema":"1a1c01bbd47fc00a2c39e90264f33305004495a9","hash":"b6a0b0bcd70e0e66b0a97070b6057c7e6b482af2"}
,"/home/kaiorr/projetos_pessoais/invision/src/components/Slider/index.tsx": {"path":"/home/kaiorr/projetos_pessoais/invision/src/components/Slider/index.tsx","statementMap":{"0":{"start":{"line":9,"column":25},"end":{"line":94,"column":1}},"1":{"start":{"line":10,"column":2},"end":{"line":93,"column":5}}},"fnMap":{"0":{"name":"(anonymous_0)","decl":{"start":{"line":9,"column":25},"end":{"line":9,"column":26}},"loc":{"start":{"line":10,"column":2},"end":{"line":93,"column":5}},"line":10}},"branchMap":{},"s":{"0":3,"1":9},"f":{"0":9},"b":{},"_coverageSchema":"1a1c01bbd47fc00a2c39e90264f33305004495a9","hash":"7f276cc7e99e30de1983f46a64294fa5705e4692"}
,"/home/kaiorr/projetos_pessoais/invision/src/components/Slider/style.tsx": {"path":"/home/kaiorr/projetos_pessoais/invision/src/components/Slider/style.tsx","statementMap":{"0":{"start":{"line":3,"column":21},"end":{"line":26,"column":1}}},"fnMap":{},"branchMap":{},"s":{"0":3},"f":{},"b":{},"_coverageSchema":"1a1c01bbd47fc00a2c39e90264f33305004495a9","hash":"3055433e1774e8dba631148f4a559e95dc4519b8"}
,"/home/kaiorr/projetos_pessoais/invision/src/pages/ResetPassword/index.tsx": {"path":"/home/kaiorr/projetos_pessoais/invision/src/pages/ResetPassword/index.tsx","statementMap":{"0":{"start":{"line":17,"column":25},"end":{"line":109,"column":1}},"1":{"start":{"line":18,"column":18},"end":{"line":18,"column":43}},"2":{"start":{"line":19,"column":30},"end":{"line":19,"column":45}},"3":{"start":{"line":21,"column":23},"end":{"line":48,"column":8}},"4":{"start":{"line":22,"column":4},"end":{"line":47,"column":5}},"5":{"start":{"line":23,"column":6},"end":{"line":23,"column":37}},"6":{"start":{"line":25,"column":21},"end":{"line":34,"column":8}},"7":{"start":{"line":36,"column":6},"end":{"line":38,"column":9}},"8":{"start":{"line":40,"column":6},"end":{"line":40,"column":22}},"9":{"start":{"line":42,"column":21},"end":{"line":42,"column":45}},"10":{"start":{"line":44,"column":6},"end":{"line":44,"column":41}},"11":{"start":{"line":46,"column":6},"end":{"line":46,"column":23}},"12":{"start":{"line":50,"column":22},"end":{"line":52,"column":14}},"13":{"start":{"line":51,"column":4},"end":{"line":51,"column":23}},"14":{"start":{"line":54,"column":2},"end":{"line":108,"column":4}}},"fnMap":{"0":{"name":"(anonymous_0)","decl":{"start":{"line":17,"column":25},"end":{"line":17,"column":26}},"loc":{"start":{"line":17,"column":31},"end":{"line":109,"column":1}},"line":17},"1":{"name":"(anonymous_1)","decl":{"start":{"line":21,"column":35},"end":{"line":21,"column":36}},"loc":{"start":{"line":21,"column":59},"end":{"line":48,"column":3}},"line":21},"2":{"name":"(anonymous_2)","decl":{"start":{"line":50,"column":34},"end":{"line":50,"column":35}},"loc":{"start":{"line":50,"column":40},"end":{"line":52,"column":3}},"line":50}},"branchMap":{"0":{"loc":{"start":{"line":56,"column":7},"end":{"line":65,"column":7}},"type":"binary-expr","locations":[{"start":{"line":56,"column":7},"end":{"line":56,"column":13}},{"start":{"line":57,"column":8},"end":{"line":64,"column":23}}],"line":56}},"s":{"0":1,"1":3,"2":3,"3":3,"4":2,"5":2,"6":2,"7":2,"8":1,"9":1,"10":1,"11":1,"12":3,"13":0,"14":3},"f":{"0":3,"1":2,"2":0},"b":{"0":[3,1]},"_coverageSchema":"1a1c01bbd47fc00a2c39e90264f33305004495a9","hash":"ee6834f1dc3af66389f205c73e8fff613c73cef2"}
,"/home/kaiorr/projetos_pessoais/invision/src/pages/ResetPassword/style.tsx": {"path":"/home/kaiorr/projetos_pessoais/invision/src/pages/ResetPassword/style.tsx","statementMap":{"0":{"start":{"line":3,"column":28},"end":{"line":46,"column":1}},"1":{"start":{"line":48,"column":25},"end":{"line":52,"column":1}},"2":{"start":{"line":54,"column":23},"end":{"line":174,"column":1}},"3":{"start":{"line":176,"column":29},"end":{"line":188,"column":1}}},"fnMap":{},"branchMap":{},"s":{"0":1,"1":1,"2":1,"3":1},"f":{},"b":{},"_coverageSchema":"1a1c01bbd47fc00a2c39e90264f33305004495a9","hash":"493274932318c1b353df2c1a6eb27ed8139ed5cc"}
,"/home/kaiorr/projetos_pessoais/invision/src/pages/SignIn/index.tsx": {"path":"/home/kaiorr/projetos_pessoais/invision/src/pages/SignIn/index.tsx","statementMap":{"0":{"start":{"line":17,"column":25},"end":{"line":102,"column":1}},"1":{"start":{"line":18,"column":18},"end":{"line":18,"column":43}},"2":{"start":{"line":19,"column":30},"end":{"line":19,"column":45}},"3":{"start":{"line":21,"column":23},"end":{"line":47,"column":8}},"4":{"start":{"line":22,"column":4},"end":{"line":46,"column":5}},"5":{"start":{"line":23,"column":6},"end":{"line":23,"column":37}},"6":{"start":{"line":25,"column":21},"end":{"line":33,"column":8}},"7":{"start":{"line":35,"column":6},"end":{"line":37,"column":9}},"8":{"start":{"line":39,"column":6},"end":{"line":39,"column":22}},"9":{"start":{"line":41,"column":21},"end":{"line":41,"column":45}},"10":{"start":{"line":43,"column":6},"end":{"line":43,"column":41}},"11":{"start":{"line":45,"column":6},"end":{"line":45,"column":23}},"12":{"start":{"line":49,"column":22},"end":{"line":51,"column":14}},"13":{"start":{"line":50,"column":4},"end":{"line":50,"column":23}},"14":{"start":{"line":53,"column":2},"end":{"line":101,"column":4}}},"fnMap":{"0":{"name":"(anonymous_0)","decl":{"start":{"line":17,"column":25},"end":{"line":17,"column":26}},"loc":{"start":{"line":17,"column":31},"end":{"line":102,"column":1}},"line":17},"1":{"name":"(anonymous_1)","decl":{"start":{"line":21,"column":35},"end":{"line":21,"column":36}},"loc":{"start":{"line":21,"column":59},"end":{"line":47,"column":3}},"line":21},"2":{"name":"(anonymous_2)","decl":{"start":{"line":49,"column":34},"end":{"line":49,"column":35}},"loc":{"start":{"line":49,"column":40},"end":{"line":51,"column":3}},"line":49}},"branchMap":{"0":{"loc":{"start":{"line":55,"column":7},"end":{"line":64,"column":7}},"type":"binary-expr","locations":[{"start":{"line":55,"column":7},"end":{"line":55,"column":13}},{"start":{"line":56,"column":8},"end":{"line":63,"column":23}}],"line":55}},"s":{"0":1,"1":3,"2":3,"3":3,"4":2,"5":2,"6":2,"7":2,"8":1,"9":1,"10":1,"11":1,"12":3,"13":0,"14":3},"f":{"0":3,"1":2,"2":0},"b":{"0":[3,1]},"_coverageSchema":"1a1c01bbd47fc00a2c39e90264f33305004495a9","hash":"cb6b56e65ff7c9c53cecd54f2389feb7455bf4cf"}
,"/home/kaiorr/projetos_pessoais/invision/src/pages/SignIn/style.tsx": {"path":"/home/kaiorr/projetos_pessoais/invision/src/pages/SignIn/style.tsx","statementMap":{"0":{"start":{"line":3,"column":28},"end":{"line":46,"column":1}},"1":{"start":{"line":48,"column":25},"end":{"line":52,"column":1}},"2":{"start":{"line":54,"column":23},"end":{"line":173,"column":1}},"3":{"start":{"line":175,"column":29},"end":{"line":187,"column":1}}},"fnMap":{},"branchMap":{},"s":{"0":1,"1":1,"2":1,"3":1},"f":{},"b":{},"_coverageSchema":"1a1c01bbd47fc00a2c39e90264f33305004495a9","hash":"b6882266c791fead8582e5cae1b86a0bee1f5260"}
,"/home/kaiorr/projetos_pessoais/invision/src/pages/SignUp/index.tsx": {"path":"/home/kaiorr/projetos_pessoais/invision/src/pages/SignUp/index.tsx","statementMap":{"0":{"start":{"line":17,"column":25},"end":{"line":114,"column":1}},"1":{"start":{"line":18,"column":18},"end":{"line":18,"column":43}},"2":{"start":{"line":19,"column":30},"end":{"line":19,"column":45}},"3":{"start":{"line":21,"column":23},"end":{"line":48,"column":8}},"4":{"start":{"line":22,"column":4},"end":{"line":47,"column":5}},"5":{"start":{"line":23,"column":6},"end":{"line":23,"column":37}},"6":{"start":{"line":25,"column":21},"end":{"line":34,"column":8}},"7":{"start":{"line":36,"column":6},"end":{"line":38,"column":9}},"8":{"start":{"line":40,"column":6},"end":{"line":40,"column":22}},"9":{"start":{"line":42,"column":21},"end":{"line":42,"column":45}},"10":{"start":{"line":44,"column":6},"end":{"line":44,"column":41}},"11":{"start":{"line":46,"column":6},"end":{"line":46,"column":23}},"12":{"start":{"line":50,"column":22},"end":{"line":52,"column":14}},"13":{"start":{"line":51,"column":4},"end":{"line":51,"column":23}},"14":{"start":{"line":54,"column":2},"end":{"line":113,"column":4}}},"fnMap":{"0":{"name":"(anonymous_0)","decl":{"start":{"line":17,"column":25},"end":{"line":17,"column":26}},"loc":{"start":{"line":17,"column":31},"end":{"line":114,"column":1}},"line":17},"1":{"name":"(anonymous_1)","decl":{"start":{"line":21,"column":35},"end":{"line":21,"column":36}},"loc":{"start":{"line":21,"column":59},"end":{"line":48,"column":3}},"line":21},"2":{"name":"(anonymous_2)","decl":{"start":{"line":50,"column":34},"end":{"line":50,"column":35}},"loc":{"start":{"line":50,"column":40},"end":{"line":52,"column":3}},"line":50}},"branchMap":{"0":{"loc":{"start":{"line":56,"column":7},"end":{"line":65,"column":7}},"type":"binary-expr","locations":[{"start":{"line":56,"column":7},"end":{"line":56,"column":13}},{"start":{"line":57,"column":8},"end":{"line":64,"column":23}}],"line":56}},"s":{"0":1,"1":3,"2":3,"3":3,"4":2,"5":2,"6":2,"7":2,"8":1,"9":1,"10":1,"11":1,"12":3,"13":0,"14":3},"f":{"0":3,"1":2,"2":0},"b":{"0":[3,1]},"_coverageSchema":"1a1c01bbd47fc00a2c39e90264f33305004495a9","hash":"59e45f1a0850b713c93bff43c7fb6392ad6e1341"}
,"/home/kaiorr/projetos_pessoais/invision/src/pages/SignUp/style.tsx": {"path":"/home/kaiorr/projetos_pessoais/invision/src/pages/SignUp/style.tsx","statementMap":{"0":{"start":{"line":3,"column":28},"end":{"line":50,"column":1}},"1":{"start":{"line":52,"column":25},"end":{"line":57,"column":1}},"2":{"start":{"line":59,"column":23},"end":{"line":168,"column":1}},"3":{"start":{"line":170,"column":29},"end":{"line":182,"column":1}}},"fnMap":{},"branchMap":{},"s":{"0":1,"1":1,"2":1,"3":1},"f":{},"b":{},"_coverageSchema":"1a1c01bbd47fc00a2c39e90264f33305004495a9","hash":"4af6c435a53ff057da54169b6aec9b54cbe55a19"}
}
