TN:
SF:src/components/Button/index.tsx
FN:7,(anonymous_0)
FNF:1
FNH:1
FNDA:12,(anonymous_0)
DA:7,3
DA:8,12
LF:2
LH:2
BRF:0
BRH:0
end_of_record
TN:
SF:src/components/Button/style.tsx
FNF:0
FNH:0
DA:3,3
LF:1
LH:1
BRF:0
BRH:0
end_of_record
TN:
SF:src/components/Input/index.tsx
FN:18,(anonymous_0)
FN:29,(anonymous_1)
FN:33,(anonymous_2)
FN:48,(anonymous_3)
FNF:4
FNH:2
FNDA:48,(anonymous_0)
FNDA:0,(anonymous_1)
FNDA:16,(anonymous_2)
FNDA:0,(anonymous_3)
DA:18,3
DA:25,48
DA:26,48
DA:27,48
DA:29,48
DA:30,0
DA:33,48
DA:34,16
DA:41,48
DA:48,0
LF:10
LH:8
BRDA:54,0,0,48
BRDA:54,0,1,8
BRF:2
BRH:2
end_of_record
TN:
SF:src/components/Input/style.tsx
FN:31,(anonymous_0)
FN:43,(anonymous_1)
FNF:2
FNH:2
FNDA:48,(anonymous_0)
FNDA:48,(anonymous_1)
DA:8,3
DA:32,48
DA:44,48
LF:3
LH:3
BRDA:32,0,0,48
BRDA:32,0,1,0
BRDA:44,1,0,48
BRDA:44,1,1,8
BRF:4
BRH:3
end_of_record
TN:
SF:src/components/Slider/index.tsx
FN:9,(anonymous_0)
FNF:1
FNH:1
FNDA:9,(anonymous_0)
DA:9,3
DA:10,9
LF:2
LH:2
BRF:0
BRH:0
end_of_record
TN:
SF:src/components/Slider/style.tsx
FNF:0
FNH:0
DA:3,3
LF:1
LH:1
BRF:0
BRH:0
end_of_record
TN:
SF:src/pages/ResetPassword/index.tsx
FN:17,(anonymous_0)
FN:21,(anonymous_1)
FN:50,(anonymous_2)
FNF:3
FNH:2
FNDA:3,(anonymous_0)
FNDA:2,(anonymous_1)
FNDA:0,(anonymous_2)
DA:17,1
DA:18,3
DA:19,3
DA:21,3
DA:22,2
DA:23,2
DA:25,2
DA:36,2
DA:40,1
DA:42,1
DA:44,1
DA:46,1
DA:50,3
DA:51,0
DA:54,3
LF:15
LH:14
BRDA:56,0,0,3
BRDA:56,0,1,1
BRF:2
BRH:2
end_of_record
TN:
SF:src/pages/ResetPassword/style.tsx
FNF:0
FNH:0
DA:3,1
DA:48,1
DA:54,1
DA:176,1
LF:4
LH:4
BRF:0
BRH:0
end_of_record
TN:
SF:src/pages/SignIn/index.tsx
FN:17,(anonymous_0)
FN:21,(anonymous_1)
FN:49,(anonymous_2)
FNF:3
FNH:2
FNDA:3,(anonymous_0)
FNDA:2,(anonymous_1)
FNDA:0,(anonymous_2)
DA:17,1
DA:18,3
DA:19,3
DA:21,3
DA:22,2
DA:23,2
DA:25,2
DA:35,2
DA:39,1
DA:41,1
DA:43,1
DA:45,1
DA:49,3
DA:50,0
DA:53,3
LF:15
LH:14
BRDA:55,0,0,3
BRDA:55,0,1,1
BRF:2
BRH:2
end_of_record
TN:
SF:src/pages/SignIn/style.tsx
FNF:0
FNH:0
DA:3,1
DA:48,1
DA:54,1
DA:175,1
LF:4
LH:4
BRF:0
BRH:0
end_of_record
TN:
SF:src/pages/SignUp/index.tsx
FN:17,(anonymous_0)
FN:21,(anonymous_1)
FN:50,(anonymous_2)
FNF:3
FNH:2
FNDA:3,(anonymous_0)
FNDA:2,(anonymous_1)
FNDA:0,(anonymous_2)
DA:17,1
DA:18,3
DA:19,3
DA:21,3
DA:22,2
DA:23,2
DA:25,2
DA:36,2
DA:40,1
DA:42,1
DA:44,1
DA:46,1
DA:50,3
DA:51,0
DA:54,3
LF:15
LH:14
BRDA:56,0,0,3
BRDA:56,0,1,1
BRF:2
BRH:2
end_of_record
TN:
SF:src/pages/SignUp/style.tsx
FNF:0
FNH:0
DA:3,1
DA:52,1
DA:59,1
DA:170,1
LF:4
LH:4
BRF:0
BRH:0
end_of_record
